===20200101-154102,main[84]=== {
	"result":	"OK",
	"sessionID":	"1149074534"
}
===20200101-154513,main[83]=== {
	"result":	"OK",
	"sessionID":	"1149074534"
}
===20200101-161324,main[91]=== {
	"result":	"OK",
	"sessionID":	"1149074534"
}
===20200101-161659,main[91]=== {
	"result":	"OK",
	"sessionID":	"1149074534"
}
===20200101-162220,main[91]=== {
	"result":	"OK",
	"sessionID":	"1149074534"
}
===20200101-162242,main[91]=== {
	"result":	"OK",
	"sessionID":	"1149074534"
}
===20200101-164417,main[91]=== {
	"result":	"OK",
	"sessionID":	"1149074534"
}
===20200101-172106,main[95]=== {
	"result":	"OK",
	"sessionID":	"1149074534"
}
===20200101-173635,main[96]=== {
	"result":	"OK",
	"sessionID":	"1149074534"
}
===20200101-174730,main[96]=== {
	"result":	"OK",
	"sessionID":	"1149074534"
}
===20200101-174912,main[96]=== {
	"result":	"OK",
	"sessionID":	"1149074534"
}
===20200101-174938,main[96]=== {
	"result":	"OK",
	"sessionID":	"11dssdsd49074534"
}
===20200101-182541,main[96]=== {
	"result":	"OK",
	"sessionID":	"11dssdsd49074534"
}
===20200101-183031,main[105]=== {
	"result":	"OK",
	"sessionID":	"11dssdsd49074534"
}
===20200101-183101,main[105]=== {
	"result":	"OK",
	"sessionID":	"11dssdsd49074534"
}
===20200101-183337,main[105]=== {
	"result":	"OK",
	"sessionID":	"11dssdsd49074534"
}
===20200101-183636,main[96]=== {
	"result":	"OK",
	"sessionID":	"11dssdsd49074534"
}
===20200101-183655,main[96]=== {
	"result":	"OK",
	"sessionID":	"11dssdsd49074534"
}
===20200101-183928,main[111]=== {
	"result":	"OK",
	"sessionID":	"11dssdsd49074534"
}
===20200101-184046,main[111]=== {
	"result":	"OK",
	"sessionID":	"11dssdsd49074534"
}
===20200101-184108,main[111]=== {
	"result":	"OK",
	"sessionID":	"11dssdsd49074534"
}
===20200101-184632,main[106]=== {
	"result":	"OK",
	"sessionID":	"11dssdsd49074534"
}
===20200101-184940,main[110]=== {
	"result":	"OK",
	"sessionID":	"11dssdsd49074534"
}
===20200101-185957,main[110]=== {
	"result":	"OK",
	"sessionID":	"11dssdsd49074534"
}
===20200101-190012,main[110]=== {
	"result":	"OK",
	"sessionID":	"11dssdsd49074534"
}
===20200101-190032,main[110]=== {
	"result":	"OK",
	"sessionID":	"11dssdsd49074534"
}
===20200101-190117,main[106]=== {
	"result":	"OK",
	"sessionID":	"11dssdsd49074534"
}
===20200101-190119,main[106]=== {
	"result":	"OK",
	"sessionID":	"11dssdsd49074534"
}
===20200101-190515,main[106]=== {
	"result":	"OK",
	"sessionID":	"11dssdsd49074534"
}
===20200101-191517,main[106]=== {
	"result":	"OK",
	"sessionID":	"11dssdsd49074534"
}
===20200101-224727,main[106]=== {
	"result":	"OK",
	"sessionID":	"11dssdsd49074534"
}
===20200101-225433,main[106]=== {
	"result":	"OK",
	"sessionID":	"11dssdsd49074534"
}
===20200101-225642,main[106]=== {
	"result":	"OK",
	"sessionID":	"11dssdsd49074534"
}
===20200101-225819,main[96]=== {
	"result":	"OK",
	"sessionID":	"11dssdsd49074534"
}
===20200101-233548,main[102]=== {
	"result":	"OK",
	"sessionID":	"11dssdsd49074534"
}
